[RUN #0 5 10]
-848 -206 -707 580 -71
357 -992 -299 214 213
-552 340 -602 -323 -680
645 -418 -929 -489 -67
-40 -73 -923 -137 -423
965 -107 417 -43 29
-876 -266 35 115 -136
762 -161 124 -69 -541
-37 -501 855 563 -340
188 701 16 -503 -343
[RUN #1 2 10]
440 -495
-555 -660
-499 -700
-32 -687
-163 -697
-416 -341
-956 735
335 -249
-468 -516
362 -819
[RUN #2 3 10]
-262 348 978
544 785 -740
122 -344 -868
962 79 661
-825 681 -337
-372 230 882
173 413 -924
102 -408 -187
97 -377 725
-277 -872 -974
[RUN #3 0 100]




























[RUN #4 1 100]
-958
-563
-10
-819
-418
730
151
385
-115
295
924
-789
-548
886
-82
-270
31
-501
-338
-28
91
-366
149
461
-325
-801
-859
-283
-611
-865
72
713
514
-738
-602
184
-837
690
-518
705
773
92
832
-437
-354
-626
679
77
307
750
-661
-15
86
758
-292
455
206
[RUN #5 2 100]
-739 211
-629 -702
-747 -608
-514 -551
327 382
608 -356
542 561
173 -486
-548 97
489 -696
239 -220
-57 380
522 144
-210 376
-285 765
-474 808
276 -518
492 -416
-980 -657
-191 -61
82 668
-974 -695
732 -634
220 360
-524 -130
321 -864
-266 -612
592 999
-847 -397
18 -141
109 -625
821 -838
-766 -314
[RUN #6 3 100]
462 185 -720
281 -789 604
769 -198 -665
338 -504 -204
-185 -585 581
-96 271 178
450 642 -974
-63 -4 531
-189 635 349
-852 117 715
197 -550 621
-513 -190 997
186 -282 -222
835 -326 -413
-359 -325 -683
-354 -575 443
-647 346 820
790 845 -694
321 -733 932
580 -591 735
945 198 66
86 -350 75
-859 -903 -13
545 70 -344
569 763 -795
-870 101 -399
281 -615 576
129 -370 -6
-623 421 265
810 -160 -972
-323 299 794
454 -281 -917
-786 -872 -316
-600 143 -27
842 859 497
-523 712 862
-935 -313 834
-481 578 152
736 -1000 -468
384 688 -386
383 230 759
-943 486 -31
325 38 -637
-939 -229 -757
-869 -146 -369
-660 -815 226
-769 -918 -511
-557 -200 -549
726 -633 -258
-566 743 803
-477 317 -541
252 -167 370
909 30 448
652 294 -291
-217 405 -976
807 -595 945
-807 352 530
546 -630 564
-811 -800 85
-668 729 708
-209 412 -965
-116 -21 -624
264 -64 -326
71 459 477
394 345 913
1 345 -155
-155 -419 867
352 496 196
390 -557 -840
982 -891 -524
-289 920 -647
468 -731 152
552 833 719
970 332 -877
-171 -565 -133
-699 -262 -499
989 -749 -781
740 -803 731
409 921 -998
-615 -952 385
-64 -946 172
-816 83 -339
988 -457 138
-881 -714 -242
-576 -947 -866
-136 -243 -709
-10 -3 277
-437 -411 201
732 882 909
36 431 260
291 772 972
628 780 801
-262 -157 -669
642 -967 -62
-427 -484 -816
-157 490 -63
-646 665 692
-418 -458 83
-396 -751 976
885 344 309
[RUN #7 4 100]
-827 366 -365 -835
214 -33 -240 -702
895 -355 300 718
-946 890 893 -319
724 -386 -593 57
452 -314 882 56
-452 -39 -135 -935
323 -309 992 -171
-12 -275 -548 883
300 138 194 -203
29 -96 442 946
739 -299 35 423
792 784 -669 -443
-946 -96 863 637
361 988 -876 218
300 514 346 236
624 -60 -623 -689
543 85 72 13
317 479 -772 -773
629 -106 784 -378
504 14 981 -481
71 990 -934 754
-228 -491 -626 40
-385 -903 -481 600
-528 -651 -238 380
-943 90 809 -718
-769 -753 -667 -715
-22 995 948 -457
0 21 707 392
443 -464 -410 -714
229 -551 67 927
-524 900 93 -287
461 -802 298 269
-950 -535 -311 -333
735 -615 213 400
-244 762 812 986
-449 -958 -430 -354
-932 676 959 -666
-444 120 242 -63
-51 456 -382 -40
435 -916 -729 -574
-368 -773 -88 -4
-433 -951 -669 876
-259 635 339 531
-266 -795 -221 -256
773 126 -214 932
-422 579 78 -84
-713 -743 -618 118
595 940 -261 -342
239 80 206 -268
236 381 552 869
312 650 -11 -402
260 401 -349 344
-981 -18 -241 -92
-694 179 431 270
372 39 179 906
-218 702 912 183
-466 -930 805 -608
982 842 626 889
-128 169 -970 69
-166 -604 486 72
921 -244 -85 0
-260 -140 613 50
40 -773 -880 -553
667 315 353 616
555 -566 -886 -526
570 439 51 -194
-963 -500 29 330
-394 -440 195 -765
-815 222 -406 433
817 984 307 829
-121 422 930 -962
-139 522 -818 56
-325 545 -872 717
-129 -417 71 -359
-25 -321 -253 -87
814 -485 0 -711
52 735 -903 -146
244 452 -441 938
-873 -715 -752 324
978 -478 -920 376
31 607 -38 310
929 562 726 -64
-670 604 79 665
5 581 -837 -512
25 689 978 -702
138 969 333 165
-840 -752 -550 551
-328 368 -378 -18
898 -559 -576 840
678 180 577 -572
364 932 -32 552
783 -408 235 -128
-397 -605 -536 485
-405 -32 471 -823
787 -246 -316 524
247 -651 -799 -246
-667 229 -453 -393
214 613 525 -479
210 592 105 -844
[RUN #8 5 100]
-290 151 566 -998 850
-131 -867 465 311 -470
239 -147 348 -714 -878
14 750 -342 265 -818
491 54 184 -456 -352
467 -905 694 -700 -445
-157 361 -195 957 750
243 -524 957 -400 605
-536 -570 -157 -131 733
625 216 -674 143 392
-189 489 30 -336 -726
608 545 -574 885 -691
-248 -341 589 -9 804
-851 185 -475 353 -952
-314 990 -810 368 -957
-742 201 -844 -120 -992
891 959 -319 833 727
-29 499 -955 975 -157
-568 181 998 845 -367
876 -415 181 -729 1
-277 -648 230 421 445
877 170 -135 -179 -436
-971 216 135 405 -644
-170 526 273 214 -650
-865 412 -160 324 -357
-124 -524 365 247 -369
209 711 -899 57 -227
-635 -586 -261 61 -565
-780 -305 -132 563 -700
304 308 625 -162 338
416 133 32 818 -913
-960 305 386 297 -198
-654 773 -950 -967 909
610 29 -237 608 -876
-154 -54 -534 -379 -631
-842 877 -33 79 -144
323 109 252 -976 511
-286 600 -476 -709 -922
829 100 498 551 399
-61 -848 -956 653 61
-558 68 -220 151 494
48 -88 61 646 571
304 -277 502 146 -87
-224 -566 -320 -604 662
-34 8 -138 -31 322
-707 822 159 -679 -950
-285 -452 748 -802 -593
436 396 -154 570 960
-682 280 556 -502 803
686 116 -312 -206 -364
59 87 492 -845 -452
-967 250 -913 82 -110
-429 -733 -818 922 325
-967 -73 -35 752 -203
588 -720 442 879 154
-681 732 -979 -341 88
293 -78 -11 984 525
826 -82 879 -145 250
1 -409 -763 -779 -347
-258 912 801 391 -573
-194 -409 -911 -294 -888
-336 791 57 459 -780
465 -720 -390 386 -977
-308 -832 782 406 -323
-944 27 -639 75 798
-836 -638 -844 -339 712
764 767 -113 -415 987
14 -716 -465 -858 -565
-550 688 183 -165 594
-182 -101 574 -685 155
-95 212 570 -121 -368
-469 319 -96 36 -288
-561 83 -327 644 571
-21 -511 229 951 952
-443 574 566 -274 -490
490 41 990 8 174
-922 -761 -497 316 -103
-404 84 89 920 -836
-288 -140 -848 504 -908
-480 -270 -261 -795 731
209 813 37 -697 592
283 -917 -212 116 478
-908 -781 203 -652 456
-33 -960 237 325 -470
-463 742 900 -713 637
-112 85 256 114 186
-973 153 -312 316 961
-678 238 787 695 74
-196 -789 738 -955 225
-472 -471 304 -113 772
-80 -298 825 842 107
-570 -950 -327 -103 295
-657 732 72 -723 419
82 966 -441 -184 -131
-707 -40 -546 393 813
314 309 988 -256 -638
-51 -213 582 572 -309
18 995 573 681 -765
77 470 834 -917 -921
-802 249 -27 883 -262
[RUN #9 6 100]
-20 -572 42 856 341 462
224 -483 461 -191 -348 -852
156 386 -709 -987 616 -497
-677 135 607 -277 -576 719
-570 772 -813 -250 408 757
-713 396 284 -523 -489 516
-978 939 840 -879 630 -989
151 153 184 -998 926 269
186 816 -670 325 -276 -138
-342 337 270 540 -836 685
246 840 222 -266 865 623
-448 -784 682 968 93 -503
-768 -317 -446 -720 502 986
-174 -155 754 -908 839 127
-656 -753 -752 -555 868 841
159 201 130 822 296 -346
403 -298 -603 -362 37 447
910 -201 550 116 -815 934
-657 -71 -556 -284 35 -470
94 326 -908 -149 308 -80
-324 670 -772 -225 -831 632
21 -45 -787 41 -500 -849
-459 549 671 93 765 -54
-716 242 989 -221 29 470
-413 760 856 436 8 246
447 -553 244 929 -846 -557
247 918 568 -327 -480 82
-429 654 475 -607 -449 -64
-33 -306 -387 264 623 -418
-251 596 563 -637 287 741
617 413 -865 435 827 -72
-884 321 549 -483 -374 299
579 796 595 -685 -824 837
-37 656 119 292 555 -531
-651 407 -386 891 -151 618
390 807 -92 -170 489 932
-773 -692 -815 308 -973 -357
-489 310 265 -346 543 482
-933 -719 -49 -631 849 800
362 -554 -656 107 627 -82
-357 -797 4 753 539 245
-619 -134 -673 -631 228 -557
33 618 438 865 -103 384
951 -101 340 -169 -401 827
443 188 -604 -817 329 14
-917 821 133 175 39 -212
-490 -808 799 -523 373 -877
-738 -133 -56 -755 464 575
-86 549 526 -362 -564 -958
213 -636 -513 93 24 -7
599 -688 289 70 482 -737
-885 951 -251 -173 -206 -961
-458 -528 -363 918 154 827
220 231 501 -578 -19 -535
-582 -68 165 -92 445 90
-394 720 387 607 -87 649
206 196 559 156 844 131
137 -586 -856 111 533 -74
-569 966 761 -855 -424 97
398 817 -198 -15 -398 507
451 421 -261 528 -880 -809
167 942 316 -719 191 907
-212 -633 864 -884 -362 -96
625 -330 -92 120 -306 -202
338 -625 -874 -295 152 -388
-316 -843 -496 -110 -473 -944
215 235 96 -594 -877 -335
-987 640 -457 458 729 926
-631 -155 288 -350 970 -793
-305 -493 -28 312 -959 -916
664 -961 146 343 -921 708
-891 -910 -827 928 894 -384
775 -636 -105 -41 727 -87
898 -747 -660 -231 693 450
253 -566 423 -428 415 -958
269 753 -214 435 -118 -974
128 -708 530 845 -640 274
-827 645 -428 -206 337 -452
-703 226 236 -300 -626 154
-163 664 452 319 434 -471
-52 -702 -806 753 -48 199
484 778 571 534 -943 -119
-42 915 214 -164 -190 728
392 21 -334 -668 877 -329
266 891 -408 483 254 532
-966 959 960 -132 550 -40
600 169 -778 -91 -789 54
507 408 376 -188 -582 -941
240 134 -776 -242 -281 222
400 -870 -997 -941 -136 -115
[RUN #10 100 100]
522 243 -85 860 -41 -471 925 659 140 -210 -384 975 696 -787 782 -329 -973 911 -491 -250 -107 60 -932 523 -808 285 -786 -331 -490 -280 -74 -277 -523 -297 646 -381 175 674 -598 -340 -895 -805 884 340 -713 464 -295 41 -94 563 280 -288 -27 258 -554 -953 -337 -957 793 -952 -558 877 733 796 -81 786 110 273 364 167 -316 30 879 -399 129 -639 461 633 -702 940 456 -913 427 906 -658 525 195 -296 561 373 169 -707 -664 366 -933 731 506 -594 -181 -770
-574 201 497 -957 990 -539 -747 616 -820 -644 -219 -979 25 -869 -768 487 666 -161 -948 -609 -261 670 801 195 884 770 -250 -904 767 -872 -116 -802 -360 261 -603 495 -301 -394 -933 -536 18 264 -478 996 -754 549 -133 -414 -513 -703 992 -476 -27 677 -348 -578 -109 -990 155 591 245 457 -287 -546 617 167 545 697 -919 -632 344 -659 698 -69 662 -315 -183 -455 -865 -197 960 570 203 878 793 144 -155 -808 -596 -838 823 99 287 -317 461 -674 730 -619 -390 764
-218 204 -690 129 -317 634 361 -171 -128 549 248 -198 508 195 -150 74 538 -313 540 -766 22 425 -935 -562 -44 673 305 -311 116 705 -949 -442 -471 -79 -348 571 641 244 -598 770 -394 864 -607 -305 180 -57 363 694 257 -361 501 -533 -829 811 457 892 637 687 -75 496 337 -164 187 -116 -251 185 -155 -6 -453 -814 -207 996 -440 395 -65 -52 -497 928 480 476 -420 -189 181 462 -347 745 -259 664 12 867 -351 163 -718 -569 -820 754 587 585 917 423
144 227 276 627 -647 675 572 -873 453 245 32 192 838 -827 103 -511 -518 817 -285 184 -390 33 468 -366 602 915 807 673 -227 -123 668 764 324 -829 -646 -858 -162 535 -104 -238 306 -590 -190 -416 607 -923 752 -677 128 860 -500 -806 -723 520 -422 921 292 31 316 -519 4 -773 -918 629 767 -99 -275 727 874 -630 711 763 273 323 -49 -73 -755 282 806 802 883 755 -128 -376 497 867 96 788 261 141 -156 79 -333 653 186 126 351 -798 181 -730
-150 347 -579 -505 -752 -290 426 -91 -65 496 -342 988 -940 -352 -921 204 -206 66 -721 -834 -318 305 -330 265 867 828 90 -104 916 -825 -105 -281 -959 -823 -107 175 771 -234 921 -309 383 -440 412 -37 876 -712 713 256 699 621 925 -191 -274 546 -108 -50 -227 -932 752 -578 -224 309 -513 850 -686 -592 411 775 -221 -542 -696 -500 -991 726 231 -966 -655 16 489 -77 219 193 -269 -448 -943 351 213 -897 361 -709 296 -90 819 817 707 946 -769 -680 177 947
-672 -456 874 -903 -632 -803 183 -792 740 -78 950 576 371 710 -552 517 743 -726 817 -129 -116 731 295 -956 -340 851 729 410 993 -67 714 -896 828 225 -936 515 224 423 757 -197 899 -538 3 -1 -857 791 494 269 -743 -881 -586 -966 485 -443 274 -366 165 558 431 644 -450 189 276 35 41 -587 -81 -166 206 521 87 -578 596 -359 -919 359 304 577 -761 -489 -63 752 -23 89 -534 378 -566 -976 660 -136 -194 259 650 -893 -844 -159 -372 468 -77 279
-310 -826 -735 -610 -163 -717 749 363 -677 -288 -499 587 -959 254 -776 -497 -330 -199 -635 109 263 -569 -974 907 -422 -970 899 -300 993 765 887 39 -888 -237 751 947 739 -491 -600 -770 191 -647 927 861 -445 -900 -990 -903 492 -405 845 -995 571 317 -483 989 -817 18 888 -156 -323 140 -171 -912 918 471 458 -820 -581 -884 298 -830 714 -892 -757 -489 327 564 -572 304 -614 745 -566 -568 248 789 152 602 216 -244 581 -522 666 -821 -20 741 -832 292 -144 149
219 192 -270 -581 -645 863 -917 -609 -565 -594 262 556 672 -584 11 -587 -107 208 -317 847 -957 343 809 96 272 260 -657 542 154 -511 -26 -285 195 -592 771 220 -851 -49 -312 -417 33 -777 540 -545 223 16 729 317 186 42 -905 -31 -341 88 473 515 -347 -722 -29 -251 810 140 589 -867 669 166 421 -264 356 -507 381 -853 141 -884 -404 -295 -118 -580 363 -259 -425 -711 653 -117 184 -136 161 828 203 -164 -527 727 923 -155 593 -583 281 123 -691 -631
973 -218 -763 359 130 -501 -152 815 935 263 -370 -342 677 -943 -731 650 8 135 69 664 -942 49 -739 -718 238 372 498 27 376 685 -862 -689 783 63 41 619 296 422 -933 -599 -204 386 79 883 -28 -646 95 -746 -496 -572 -859 805 591 493 781 -213 439 174 947 117 -440 -61 -821 -638 -672 504 951 432 -794 -120 562 350 -337 112 -13 -225 -363 918 721 -596 544 -831 -300 -817 939 857 434 -98 749 418 755 123 50 417 -4 -687 530 -96 -412 778
-263 -378 240 964 -223 396 -423 -251 -293 471 86 -941 536 366 201 85 -90 36 823 -234 -789 -846 -591 -29 450 586 310 -155 -68 -431 -766 -103 -391 778 622 -877 -334 562 -61 285 -283 323 -852 448 -56 414 406 48 740 374 269 -75 -883 -845 550 2 -723 137 -164 266 786 261 696 123 506 832 567 -987 -457 -732 754 -410 974 -362 665 -532 -354 538 236 238 -569 12 408 -12 -653 -596 767 -203 -580 -276 -763 902 -360 -539 806 421 -525 88 547 177
-590 -863 339 -511 680 301 -91 835 67 872 -585 -337 300 -776 96 851 329 -734 -452 194 402 273 -189 164 -936 -390 803 -377 416 624 -885 -23 -374 -843 -451 -756 266 388 733 348 -305 -623 -82 881 -431 229 973 342 995 -260 -580 262 107 699 -480 60 -310 -638 701 474 -194 -168 -366 372 -227 17 -536 233 -475 595 910 -928 559 -690 -449 -845 62 26 -704 202 -321 -739 -160 382 122 73 -398 37 438 -538 -261 -759 -920 357 100 400 812 -678 611 159
-735 983 -347 -175 879 522 114 -712 124 -597 -443 -127 558 873 954 407 -673 202 226 910 -9 -692 -36 828 747 230 -515 -52 -745 -21 -461 -361 -351 665 452 719 -514 -230 252 -999 -369 -4 -568 -697 -648 166 -381 -242 143 -997 953 319 -586 -447 176 -513 -201 137 -544 -124 172 826 755 -30 -364 410 49 466 -690 903 566 278 -345 181 -116 244 -197 -811 -141 -942 -38 -902 -608 -650 -988 -208 -903 711 999 310 -42 -188 -337 902 -399 933 761 -858 -506 99
840 -511 -978 278 158 -954 -47 326 460 407 -44 400 -177 -360 357 -659 170 7 -446 -280 -660 -63 -754 609 112 688 -300 -153 -339 -356 604 -146 8 196 -303 -840 785 851 -464 -713 45 -772 -682 -630 472 -134 -179 -588 9 197 314 -704 -411 176 -423 538 -401 974 -936 -251 869 628 402 546 877 171 -572 -55 751 645 -396 494 -686 49 -590 -866 640 -789 655 250 241 467 507 -867 986 -752 601 -807 53 -858 -658 -420 322 954 52 -938 570 -922 -295 -643
779 292 -658 670 876 440 715 -811 764 371 557 -518 -482 705 -951 -359 997 -856 -940 100 572 -815 215 885 761 -166 900 222 730 780 647 -360 -289 131 241 40 361 553 505 -398 -147 -134 787 -185 -186 -294 400 -515 85 -215 -77 -636 -251 364 -445 -564 945 -933 518 659 -791 -682 617 -429 -896 384 776 -499 -552 -983 -335 -356 -22 829 -722 961 540 -546 -996 852 569 276 -113 -413 -688 -729 399 -891 -904 357 187 426 35 621 -179 339 -1 875 -196 709
712 448 -476 827 -380 -987 280 -612 -860 -950 107 -712 -385 -283 -663 -849 -301 -527 730 -469 382 -115 916 -239 294 766 641 396 89 820 -826 -308 -864 -706 -214 -160 691 962 657 832 -537 -637 -42 407 -704 -130 -956 -935 -153 -33 15 61 -73 362 -397 -732 -303 544 -676 395 163 603 -671 951 176 808 708 -545 215 -402 -479 75 -444 -434 -607 355 -812 624 -590 461 -733 -87 -268 -943 28 726 323 -257 -60 -446 54 316 -955 114 731 937 -75 -331 -758 797
68 -331 225 -842 64 -145 -502 95 702 -692 -314 114 169 -470 -671 326 -708 934 56 377 899 -436 -624 -91 126 -969 -50 194 -797 -548 -278 -972 175 536 -973 163 -899 -615 952 -690 16 -564 -73 -167 614 -577 -849 908 -718 -818 -983 -592 344 765 -192 274 -29 -201 612 -709 471 691 -877 -857 758 -421 417 -112 -744 -776 516 296 775 649 -602 -724 -950 -55 183 -830 347 780 -629 -90 362 -472 184 537 763 -110 -240 -328 -569 644 -336 856 -5 383 -377 -386
451 180 -955 -448 115 -394 784 374 74 793 871 16 90 42 740 189 423 -95 12 -967 214 -411 971 839 980 357 -814 91 541 -558 518 949 226 458 -20 668 637 -889 -677 875 -768 289 901 733 -273 -655 -945 -576 484 728 522 -616 -494 -145 -318 -433 643 586 482 -404 218 -623 551 -137 -508 84 73 -536 105 -710 159 800 851 337 909 -220 362 -443 850 49 413 56 429 945 -191 -243 -816 857 215 856 -506 -524 -905 -634 583 -225 348 -673 392 627
253 -46 948 -301 528 715 267 -16 347 864 -3 -292 494 489 -804 -717 518 -323 -96 -512 638 164 -848 464 271 662 556 -523 -121 774 -371 408 139 -833 108 641 110 -254 128 -313 -257 430 -728 -664 199 -508 -432 371 -228 383 -18 -590 -22 280 -976 663 636 -325 -31 -831 15 -248 -738 -782 396 -298 -899 -876 -811 440 -699 -188 817 -332 23 634 74 -503 647 334 243 619 241 234 -837 -430 -440 34 -730 303 321 932 -860 606 247 -279 26 -420 181 189
-733 -225 -442 487 -69 767 -506 -283 425 539 -642 -769 895 -293 475 516 -640 755 -90 269 848 965 741 -185 375 -518 996 818 32 74 -546 982 210 882 635 -14 603 120 573 -853 729 -70 885 -889 367 -723 72 28 -350 943 -718 876 62 -531 -22 -844 542 525 -871 85 -154 -105 867 -216 851 281 332 -404 -83 -235 -158 -954 975 -215 971 -899 986 179 -202 -179 398 -251 -726 238 -993 -23 791 -374 -361 271 532 386 846 -692 -687 -110 -224 712 346 282
-450 124 85 -99 -714 243 -230 -235 390 779 277 -644 819 873 968 -892 434 772 3 510 -314 -60 -238 55 -323 246 -352 -410 937 -771 -707 660 982 871 598 -630 -293 168 381 -40 453 376 -56 931 62 -790 -62 -887 -626 -867 645 -378 -420 -78 -146 -61 216 625 -653 64 713 -736 978 -705 -137 -112 688 785 138 572 -194 -176 -574 694 -641 -390 -961 366 -191 -155 -520 950 647 -469 555 801 568 171 -364 -25 640 144 419 12 -926 -752 675 507 -537 685
454 972 -547 254 -918 -493 -273 -233 -845 -174 -381 773 981 -225 -208 243 659 -38 -676 2 -471 -472 -23 791 -280 623 -176 830 151 -302 -774 68 625 82 -351 316 -287 -568 523 894 -412 -20 -585 109 279 -800 -405 -361 726 -790 -239 -900 -878 -215 36 -308 -232 -354 -613 110 331 470 -566 -116 -634 -129 -75 -319 256 6 -720 574 835 749 -854 52 499 -19 -332 676 795 -635 -891 955 -198 -592 468 -127 737 -580 -61 720 829 178 350 -663 -883 598 398 493
-357 329 -193 -400 -96 -581 596 229 708 337 66 -517 -853 -577 -549 536 -497 508 -618 442 -511 886 828 117 205 -183 362 -301 350 635 928 848 -255 -619 -285 -14 569 -783 -522 -196 56 -636 398 235 -441 283 774 -319 -928 -651 334 157 375 -917 690 177 724 450 126 413 -288 797 852 -462 806 -733 -986 333 189 5 -771 330 525 266 -387 -17 -331 -477 551 300 511 -949 13 -469 552 353 713 961 102 -206 -658 -694 -961 -735 -768 303 -877 -620 -438 175
-100 -622 -949 -517 -727 -503 -582 -881 -493 -382 118 -718 -663 -140 -312 -213 -218 550 -866 31 -981 -839 915 -258 -123 -554 -452 489 797 -238 -60 477 819 984 -168 -455 874 -857 -134 -982 965 -735 582 -793 -649 988 -930 -427 -74 -463 -876 561 -678 526 -601 -6 316 161 487 -122 -285 -389 -656 856 -49 -111 699 -103 196 29 422 -171 215 366 387 496 -223 900 416 283 736 -400 -380 962 7 -449 439 918 -192 -447 -736 -1 -396 893 883 517 -472 192 -30 70
-655 183 -44 511 -650 -627 910 482 782 355 -132 224 -458 -842 -146 369 -780 503 -744 710 -50 5 965 790 -186 964 -974 -297 -548 -998 505 167 839 970 -568 -101 -383 -437 -860 468 712 -213 -288 -609 -944 -60 -815 393 -662 -52 270 937 -980 -261 -843 700 -891 -289 883 843 616 -455 156 -459 897 -134 -911 427 -670 -96 960 -936 -81 916 551 -178 103 -736 -753 -420 -656 184 -49 -636 645 -160 -222 -845 -3 -893 23 957 -232 -708 896 962 -343 277 -166 320
-744 -531 -462 276 243 -282 -140 271 404 518 -787 -81 -779 -23 -737 920 441 534 177 -661 494 -605 -45 -224 100 161 -251 953 -308 322 618 241 790 321 157 -633 319 -685 -866 673 842 -658 99 -546 379 -747 970 -691 593 -50 -710 -713 -326 -963 -577 -603 317 236 -5 -59 -332 806 836 267 710 -220 -195 -175 466 652 446 765 853 178 -480 -33 628 849 -534 -772 688 -94 128 824 -834 230 -416 -178 580 31 906 -944 -392 -99 -756 778 416 -89 823 -17
320 -777 472 -565 556 -604 283 608 -619 -680 -485 -440 -554 -536 -857 255 912 -872 -957 138 698 -12 -76 -307 -481 -74 -640 768 -340 -569 47 -550 -418 544 -824 9 451 -168 -890 -918 308 -558 453 68 -10 -60 267 -589 -138 740 -403 910 676 648 -112 106 -552 -573 441 -354 245 -363 -733 677 324 -900 118 812 -936 313 -274 -278 894 -831 514 844 -376 661 -301 -874 216 658 -576 -967 -699 141 446 -347 289 -744 -919 -42 356 -438 521 -672 375 785 -378 392
-723 -480 245 -469 945 -245 -814 -998 620 -110 -477 -730 633 -883 -912 899 535 -375 -819 919 -427 -445 426 -176 53 -365 -996 -755 477 -753 -847 647 498 -832 955 622 -289 -474 224 25 -462 547 912 806 -628 965 -216 -173 897 580 503 -677 673 -907 -538 -806 -975 863 -493 -137 924 -37 -20 158 931 154 564 852 -167 225 -235 -821 452 799 -330 -888 -516 828 -541 438 571 -639 -241 -25 -294 -920 -667 572 286 -540 954 -410 818 295 815 970 814 714 -9 467
875 -621 -282 -766 374 -89 -21 -704 -997 -877 -939 -588 959 868 557 -356 794 -935 -43 298 -256 879 571 -164 689 763 -240 513 -277 -924 556 -913 -843 971 -119 972 460 200 345 -842 -759 747 544 -981 -603 -666 -498 -691 -281 660 148 259 -858 -692 -225 633 356 128 82 -612 174 -311 908 239 749 -647 46 655 243 -989 -594 318 284 772 330 -367 220 -805 845 430 -663 -287 404 264 -865 -420 418 999 -575 93 354 272 -616 -62 704 -283 562 835 528 -793
226 -248 -93 -821 935 407 56 -343 -380 603 -703 789 156 -674 -54 -687 876 157 -324 923 -651 65 -664 -140 48 921 -500 -208 684 -918 194 -381 967 761 916 -925 -909 -407 303 51 -383 -76 -950 -956 312 788 -798 -944 925 -479 278 -384 680 142 -269 -696 -117 -896 193 -322 -51 -408 -204 493 951 743 -980 539 837 -653 692 -473 -101 963 -652 -15 939 -41 961 460 -647 -883 -47 416 -815 230 353 -649 79 -458 579 -577 -126 -491 -671 594 -555 -633 -738 -69
823 -858 -864 -924 -447 -963 58 -719 413 -164 -48 333 840 -61 -918 277 -844 264 -853 -49 921 481 75 998 -396 871 826 178 -464 550 -626 -389 792 209 912 -189 124 299 709 742 -456 609 926 -700 860 343 -433 -919 778 -342 -501 96 -738 -649 186 807 681 85 129 -707 428 762 88 -897 -427 736 -445 168 -800 -720 553 144 42 516 885 140 -41 -360 -517 -59 -432 653 509 -258 990 -773 -944 476 424 702 965 68 908 -557 -898 -728 -995 -305 106 -111
72 -87 -277 405 39 -101 -726 -474 -793 -349 393 730 -171 412 832 -712 637 976 -659 920 415 242 -20 -256 135 -253 846 -592 934 -337 421 -978 170 -801 433 869 -265 106 -588 -438 740 386 471 -36 615 231 -648 312 -470 -846 -680 -346 -162 888 613 569 -80 408 -529 699 -479 448 -984 -605 -362 -481 -50 707 82 -992 377 647 -967 -131 -817 195 -358 -451 -93 -363 -245 -194 519 42 -676 -415 534 -686 222 -426 -561 -855 -994 -835 256 -211 -725 -743 253 962
-978 484 502 -493 -127 429 -448 757 -342 -441 -74 -580 210 313 743 -730 -225 -445 285 319 -138 863 -156 -732 -45 759 681 -72 79 -571 884 -902 973 894 233 -814 362 -736 -417 -295 747 326 535 -390 77 296 632 122 -463 -402 695 -938 784 672 -501 -683 -481 966 -19 10 172 936 -467 -208 -564 -272 223 -609 723 -897 69 708 724 201 -115 678 -893 -591 -934 -939 101 524 -397 138 758 539 -133 264 120 104 358 -88 113 633 -338 545 365 48 108 86
572 189 324 -552 -791 383 685 -281 -683 17 -938 -22 -933 -860 853 -418 -408 524 -688 -731 -620 699 606 -663 877 791 -746 -67 -572 -152 -148 -400 -102 -914 -959 -611 -518 312 51 -972 201 968 -317 73 890 -434 -244 617 -319 640 -85 -614 -364 258 -32 215 778 421 598 -761 -940 78 721 -179 -356 740 222 -492 801 66 -749 6 -464 -690 -843 -544 573 474 235 661 -960 952 920 618 -435 -391 616 172 110 -348 737 -383 828 917 -909 -845 446 -194 323 -20
-912 -792 -640 -284 922 235 583 -486 721 -249 916 -866 -575 552 -746 -760 793 83 325 -736 846 181 539 729 -905 104 291 -114 622 -837 -85 -207 45 907 299 -688 -535 666 919 -251 894 223 -47 -695 783 -616 386 155 -182 355 -514 -794 751 -528 52 -393 701 597 378 436 158 -665 -256 -511 -478 808 -35 -254 602 -14 -25 -12 994 883 -48 253 -355 470 -481 973 804 -819 -958 187 -957 -804 106 819 798 402 662 950 -950 -63 234 327 -656 -426 658 -680
222 923 -509 -288 -356 939 176 140 801 -554 578 83 672 714 -563 -999 -12 -551 -25 -812 938 116 822 -417 -63 135 -233 166 -849 -871 -521 -485 758 943 -146 654 184 289 937 944 -255 493 588 -269 -527 958 -958 325 -879 -245 -653 -276 209 872 927 -860 541 74 -960 -936 -436 205 669 -39 566 857 848 -597 918 53 -730 411 -866 827 -799 766 -353 215 760 -767 804 76 -798 462 556 575 -846 -598 -210 -600 -477 -637 349 249 -526 960 -756 -865 310 -97
-530 -351 -302 988 665 -136 649 -898 -922 -23 591 605 445 36 -783 -45 587 -164 309 695 644 119 -260 -192 -523 262 -937 -319 -924 92 -262 236 -91 -155 20 -728 769 -160 -132 361 -560 89 -300 -12 775 -594 367 422 -487 -191 -633 -427 -765 368 144 552 -883 -128 -672 161 385 -986 13 -3 168 -867 -507 -546 519 384 -476 16 801 786 -24 -358 472 852 613 -888 -611 -294 733 80 855 -71 87 439 -715 -751 790 -947 -57 362 -131 200 -953 93 -778 -901
-792 -734 703 -407 516 -624 -149 544 -383 -549 435 -623 -314 616 -75 -425 548 -173 269 214 -442 411 112 -958 599 155 -459 897 420 983 -831 404 -970 275 993 655 403 -308 -46 -148 -786 413 -687 168 -677 618 364 -505 -473 831 843 -91 562 -210 -715 -638 316 114 -718 472 309 704 -518 -470 823 -472 443 -100 -320 -395 -851 -742 592 -534 441 -899 915 57 -689 849 -994 -8 -35 162 -562 -560 286 -263 207 -508 141 216 -135 124 -105 822 -951 809 675 -612
7 526 435 61 -127 -209 -19 -887 573 -993 -218 820 -884 -850 386 766 534 904 795 -755 -499 -589 -665 712 882 381 -991 -135 -918 114 -120 376 977 289 -166 269 -474 340 463 281 935 -832 643 938 -823 964 -616 -215 514 670 -50 304 -527 292 -450 -394 369 -241 547 799 -402 -421 -858 -734 191 307 357 -167 164 -621 252 -62 869 586 592 58 -40 -565 -892 -704 383 729 640 110 952 -546 176 -42 633 456 929 692 145 -149 100 710 -2 -624 -950 -249
888 164 -343 55 -911 -60 -647 -483 824 -458 -199 248 336 717 -675 276 976 320 -418 174 537 -761 -840 -927 290 -414 570 -386 -198 420 -892 568 988 458 768 492 -988 273 61 379 -699 -233 -867 -525 -516 -581 149 -77 -509 -673 339 -311 -91 354 -903 423 -40 623 -726 744 -302 386 -189 -79 599 -94 85 -236 107 553 604 223 634 -119 555 -545 451 638 -442 482 -782 -716 688 415 -106 -667 -266 -46 -747 115 903 -539 994 232 146 -792 686 -590 765 215
-998 779 635 881 -815 -889 762 -454 362 -595 771 -134 544 -949 -41 -156 469 173 -753 673 515 628 -98 526 243 -920 -646 -859 -983 -10 -194 401 -474 218 893 739 164 665 -783 735 511 -54 681 -263 -752 423 671 133 -636 996 -917 282 -874 742 -187 614 191 -644 -15 -306 -757 374 736 -38 -915 -438 -939 -658 -991 408 86 988 584 790 -77 -776 -369 -7 -865 804 504 776 551 -952 114 -357 532 -370 911 -55 572 -655 687 337 132 -672 -941 377 381 970
497 471 192 187 683 -864 8 601 -790 619 -200 233 -420 -335 -661 -823 -254 298 616 -102 -265 -716 -679 74 -210 -319 -294 421 -880 784 67 -399 381 -621 46 -174 -781 22 -837 417 894 441 528 257 -495 -512 522 -756 -813 885 127 -486 -142 570 73 -392 -37 79 201 238 548 890 260 -160 377 -633 968 636 193 -217 -371 -355 -988 956 -129 -386 -678 930 -970 -123 -666 989 259 -322 -791 230 38 553 332 498 -539 842 537 432 21 -235 -510 -498 780 986
-64 -828 115 362 179 -447 226 -601 -155 89 572 210 -131 592 -980 -231 49 762 -705 -467 -921 -366 -589 172 836 388 -550 302 482 -71 -573 -224 559 499 358 -357 -649 -553 2 453 722 -869 -301 -66 -475 555 -409 912 -174 441 3 424 -832 327 -605 626 471 -848 -835 -241 985 -790 343 536 766 -486 682 -926 -720 -375 -401 -813 -911 112 796 -62 -640 915 667 -10 297 121 -383 -145 -402 -99 849 -24 -76 616 723 500 894 724 927 101 518 -14 833 469
6 -827 516 804 32 88 -682 937 -760 595 566 652 -325 621 -714 870 740 -209 -503 672 -56 -993 725 482 376 623 489 327 947 -909 -169 -281 889 -443 -629 -580 -645 503 -48 214 -987 -256 270 -527 -420 -166 986 293 -582 620 -753 -562 -349 592 216 772 452 53 628 -928 970 161 -851 -260 596 693 -158 402 -699 118 -560 421 -1000 27 -121 -575 -85 -301 86 96 -566 -793 933 505 759 -586 -487 219 519 -514 -467 -223 -839 -745 833 -818 -857 -134 749 -628
-553 86 196 120 -193 -671 -334 -891 -3 637 -242 434 -158 340 630 836 -247 10 -178 365 -94 -835 -6 -987 739 -732 -423 -911 -172 250 -771 272 114 -443 668 11 -45 -491 -964 825 609 307 -842 781 -192 -328 283 992 -897 -185 553 599 -603 -47 -244 443 418 -709 -4 684 -865 -282 575 411 91 -506 -89 -144 -875 -49 460 -874 643 -473 354 487 -953 242 936 -823 532 -676 524 -523 -947 -428 539 -390 638 -432 639 -459 490 395 355 -550 -670 -202 -516 771
954 -203 -397 -850 355 -585 794 -269 974 369 86 -367 -498 147 -960 525 -69 -190 472 -785 -783 913 706 -289 -459 -419 -158 -629 719 -26 442 -294 -612 684 237 826 543 446 -654 -560 -716 214 280 210 -754 209 -780 -674 -63 72 -72 516 582 -445 -309 688 808 -707 166 419 -899 -661 639 -351 592 -599 645 -191 -187 654 500 494 -854 619 -393 227 746 898 368 957 832 496 700 -57 925 919 374 272 74 883 -610 560 171 588 -592 -797 -501 212 -463 948
99 -84 -227 -483 152 -547 64 613 512 936 975 890 -579 -631 837 726 -401 877 -284 -89 436 -978 535 -297 -120 148 -641 -127 274 -861 -23 322 -176 -338 -149 59 -594 850 130 -653 -464 -71 722 999 513 -6 -253 -775 556 -829 -946 -542 709 -895 -343 463 844 -903 900 -243 326 299 97 -803 -125 -840 230 -691 -453 160 -65 619 404 848 442 -564 532 63 -585 -543 989 143 -469 -776 791 561 -102 -911 710 543 -734 -356 -821 -491 727 -403 -694 -771 -428 -607
-293 -587 543 981 816 919 -286 926 -994 -59 583 -174 -48 -225 -602 770 400 -929 254 -308 -844 950 237 -410 985 -937 -591 428 247 999 -169 -354 689 -629 -223 -730 320 421 -652 808 -699 456 339 -903 544 -603 811 535 213 -124 591 795 -112 -780 678 914 708 -708 214 615 -538 113 397 -457 -52 781 -905 349 -376 130 732 -96 876 415 -266 222 -100 -67 480 -416 -352 177 83 -911 -463 886 -719 -332 -948 412 465 258 14 524 61 684 -925 -69 -816 -94
484 909 972 548 -908 -675 -985 253 -486 -663 -734 -980 311 168 -910 -679 918 363 598 833 -738 417 -256 -684 881 798 919 -185 718 416 -338 -334 678 537 716 569 -619 -23 -826 522 -83 -589 150 -155 -85 842 328 -189 -689 -339 675 925 274 -27 -306 -61 -529 -276 -767 422 271 -182 -633 874 449 991 -403 -479 -517 -831 -95 509 -141 576 197 -99 636 -901 378 639 -332 -180 -580 -896 169 445 62 -899 -337 768 -416 761 -190 -823 -430 568 -860 -533 -92 607
-58 690 658 -270 651 641 -889 894 -278 335 687 -494 -928 -514 491 -644 -152 567 470 -218 -986 -748 216 528 720 -429 350 405 -468 -228 855 -946 205 969 -898 213 712 198 -969 402 -660 948 -730 -292 789 124 260 413 -829 310 334 595 -571 235 112 513 -229 643 -364 158 875 73 -73 -88 -652 -50 814 -174 -3 547 952 55 -204 766 -902 -493 -21 -35 -110 -433 -387 608 851 726 -861 -205 507 603 -371 -725 615 114 -564 646 120 -407 362 -723 -845 -676
-724 209 -420 155 -343 -887 -169 375 -108 -962 965 -356 -243 -129 306 -618 823 82 220 -480 935 -284 -927 -806 895 -826 -647 -758 -599 -192 725 203 -605 942 238 -696 -502 655 376 171 -629 -348 -609 250 424 268 668 -917 -883 948 270 763 -957 590 -311 579 758 -137 -310 -148 304 440 -976 197 72 506 -608 862 -3 919 -803 158 545 489 -124 -915 156 551 -663 717 610 641 -847 617 759 531 -196 -547 776 433 -329 780 -845 -262 -681 -98 -943 -471 38 -598
473 509 973 -470 -481 -273 433 -242 -884 -468 296 -995 -567 599 -580 -487 -513 17 -292 968 -818 906 -247 951 828 -596 848 102 770 46 -712 274 302 -264 529 -170 -449 -684 -725 -800 805 582 -645 929 7 330 -173 460 -430 -77 -610 -892 -462 -864 -457 -819 -493 387 544 -544 -483 80 -378 834 932 47 39 446 -426 -93 448 855 -259 -417 112 -510 -485 592 15 663 -21 20 -458 -85 -935 234 -469 722 -119 -492 61 -912 -717 961 -245 781 -707 -602 -316 318
714 -65 223 -111 528 -930 70 -575 436 276 -935 408 -955 739 -724 405 723 -491 956 -843 -734 -232 -544 868 -650 -395 795 894 96 398 -397 -685 -990 -73 -798 -360 381 222 21 -584 513 516 886 -680 289 695 -958 -84 -914 208 -913 458 439 509 329 -875 268 -167 -693 -368 -712 -445 277 521 -166 941 -56 -130 -79 -659 621 -965 258 590 667 681 870 -565 489 -243 869 671 113 154 495 -409 -422 -799 -155 -772 -133 249 224 -47 82 377 -80 -272 -183 192
379 -294 -220 425 -665 858 848 -118 -538 698 519 -592 825 956 557 -432 -926 -535 -860 -873 706 -22 -53 518 155 -895 196 921 -595 994 722 581 -303 496 808 64 974 997 736 -574 536 282 925 -380 -459 -371 -423 -304 451 -358 385 -998 -731 -170 -821 534 681 -664 321 634 753 69 -444 524 -591 507 852 123 -532 253 -164 912 -239 -13 -521 361 -871 145 707 811 -257 878 165 178 -18 962 463 927 18 -76 663 167 -274 724 990 -59 -79 570 -813 -962
-109 -786 -972 972 874 942 -504 -995 772 963 341 323 -352 591 -818 307 -689 156 2 -988 -812 -162 -47 -536 653 651 933 337 -945 696 923 -55 -178 677 774 -703 999 -499 -882 422 959 -164 355 102 178 947 924 672 598 -983 -422 263 -291 160 998 406 -358 -163 167 786 -88 637 646 44 615 -625 501 393 -56 -48 62 198 -900 185 -318 -521 163 116 811 713 -46 497 -683 -851 747 -929 68 738 59 -871 43 955 -781 491 587 -982 317 -830 -762 627
941 -340 -287 102 -798 -131 265 -836 802 332 -832 746 -550 957 -899 846 829 811 620 -202 -248 -11 80 90 -913 -94 0 897 -192 58 614 -968 573 929 179 254 594 672 -45 -914 -637 -701 53 -747 -106 759 -118 978 -952 -598 756 -528 213 -162 396 459 595 737 226 372 -373 -393 -168 920 -675 -815 -608 350 -39 -403 283 -864 606 -390 -73 -998 341 -383 -76 669 -590 427 37 185 417 411 819 882 -362 -978 440 754 -680 374 362 -854 -141 96 -881 -896
